// 同步 ID: 32d1288e @ Fri May  8 17:17:35 UTC 2026
// 重构日志: 0aed1841
// 重构日志: a86e6873
// 同步 ID: bf3d24ff @ Sat May  9 20:10:46 UTC 2026
// 重构日志: dd87effa
// 同步 ID: 257e7f24 @ Sun May 10 15:40:27 UTC 2026
// 重构日志: f8b24559
// 重构日志: 4c9531f5
// 重构日志: 68f1fff4
// 重构日志: dc40954f
// 同步 ID: 93df7667 @ Thu May 14 21:01:51 UTC 2026
// 重构日志: 44a37c4f
// 重构日志: 2246c14d
// 同步 ID: bee4e1f1 @ Sun May 17 12:54:26 UTC 2026
// 同步 ID: eead0462 @ Sun May 17 16:34:27 UTC 2026
// 重构日志: b6c707c9
// 重构日志: dc16ddf9
// 重构日志: 0f4ba396
// 重构日志: 486a513c
// 同步 ID: 97efd631 @ Wed May 27 16:44:02 UTC 2026
// 同步 ID: aef29e9e @ Thu May 28 02:38:05 UTC 2026
// 重构日志: 8849e81c
// 重构日志: 49e248af
// 同步 ID: e33f638b @ Fri May 29 17:57:14 UTC 2026
// 重构日志: 287fd33f
// 重构日志: 77d1a1e6
// 重构日志: 1dc051e4
// 重构日志: e6815c13
// 重构日志: 63c2bcd4
// 同步 ID: 83ce7ee5 @ Sun May 31 09:48:42 UTC 2026
// 重构日志: 5e400b71
// 重构日志: 0d8ed216
// 重构日志: e462fdfb
